## pre-cleanup

> qa:cleanup-rooms
> node tests/helpers/cleanup-qa-rooms.js

(node:270) [MODULE_TYPELESS_PACKAGE_JSON] Warning: Module type of file:///__w/Yut/Yut/tests/helpers/cleanup-qa-rooms.js is not specified and it doesn't parse as CommonJS.
Reparsing as ES module because module syntax was detected. This incurs a performance overhead.
To eliminate this warning, add "type": "module" to /__w/Yut/Yut/package.json.
(Use `node --trace-warnings ...` to show where the warning was created)
QA cleanup mode=current-run, namespace=gh-29211715793-2-roll-movement-diagnostic, workflowPrefix=없음, rooms=0
cleanup-after mode=current-run, remaining=0
## movement-qa

> test:qa-online-turn-recovery
> playwright test --workers=1 --project=desktop-chromium tests/regression/bug-history-smoke.spec.js tests/regression/roll-mat-surface.spec.js --output=test-results/roll-movement-diagnostic


Running 5 tests using 1 worker

  ✓  1 [desktop-chromium] › tests/regression/bug-history-smoke.spec.js:14:7 › BUG_HISTORY regression smoke › 게임 시작 직후 윷 던지기/대기 버튼 상태가 고착되지 않는다 (11.2s)
  ✓  2 [desktop-chromium] › tests/regression/bug-history-smoke.spec.js:42:7 › BUG_HISTORY regression smoke › 온라인 윷 던지기는 sequence replay 애니메이션을 표시하고 이동 직후 경로 preview를 숨긴다 (25.0s)
  ✓  3 [desktop-chromium] › tests/regression/bug-history-smoke.spec.js:326:7 › BUG_HISTORY regression smoke › host가 대리 제출한 AI 이동은 sequence 경로로 칸별 재생되고 내 이동은 중복 재생되지 않는다 (37.5s)
  ✓  4 [desktop-chromium] › tests/regression/bug-history-smoke.spec.js:551:7 › BUG_HISTORY regression smoke › timeout 벌칙은 오프라인 로컬 timeout에만 적용된다 (1.2s)
  ✓  5 [desktop-chromium] › tests/regression/roll-mat-surface.spec.js:13:7 › roll mat surface regression › pending부터 결과 유지까지 같은 2D 매트 표면을 계속 표시한다 (23.5s)

  5 passed (1.7m)
## post-cleanup

> qa:cleanup-rooms
> node tests/helpers/cleanup-qa-rooms.js

(node:442) [MODULE_TYPELESS_PACKAGE_JSON] Warning: Module type of file:///__w/Yut/Yut/tests/helpers/cleanup-qa-rooms.js is not specified and it doesn't parse as CommonJS.
Reparsing as ES module because module syntax was detected. This incurs a performance overhead.
To eliminate this warning, add "type": "module" to /__w/Yut/Yut/package.json.
(Use `node --trace-warnings ...` to show where the warning was created)
QA cleanup mode=current-run, namespace=gh-29211715793-2-roll-movement-diagnostic, workflowPrefix=없음, rooms=0
cleanup-after mode=current-run, remaining=0

pre_cleanup_status=0
movement_status=0
post_cleanup_status=0
